
--- Job GET_7.gms Start 02/10/21 20:34:23 30.3.0 rc5da09e WEX-WEI x86 64bit/MS Windows
--- GAMS Parameters defined
    LP CPLEX
    MIP CPLEX
    RMIP CPLEX
    QCP CPLEX
    MIQCP CPLEX
    RMIQCP CPLEX
    Input C:\Users\selmab\Desktop\Senaste GET-filerna\GET_7.gms
    PageWidth 80
    PageSize 0
    PageContr 3
    Action CE
    ScrDir C:\Users\selmab\Desktop\Senaste GET-filerna\225a\
    SysDir C:\GAMS\win64\30.3\
    WorkDir C:\Users\selmab\Desktop\Senaste GET-filerna\
    LogOption 3
    DFormat 0
    TFormat 0
    ErrorLog 99
    IDE 1
GAMS 30.3.0   Copyright (C) 1987-2020 GAMS Development. All rights reserved
Licensee: Small MUD - 5 User License                     S190522/0001AO-WIN
          Chalmers University of Technology, Department of MechanicsDC14965
--- Starting compilation
--- GET_7.gms(12) 2 Mb
--- . sets.gms(182) 3 Mb
--- GET_7.gms(14) 3 Mb
--- . params.gms(471) 3 Mb
--- .. indata.gms(2) 3 Mb
--- call GDXXRW.EXE input_SSP2_26.xls @import_SSPdata.txt

GDXXRW           30.3.0 rc5da09e Released Mar 06, 2020 WEI x86 64bit/MS Window
Input file : C:\Users\selmab\Desktop\Senaste GET-filerna\input_SSP2_26.xls
Output file: C:\Users\selmab\Desktop\Senaste GET-filerna\input_SSP2_26.gdx
Total time = 1000 Ms
--- .. indata.gms(16) 3 Mb
--- GDXin=C:\Users\selmab\Desktop\Senaste GET-filerna\input_SSP2_26.gdx
--- .. indata.gms(52) 3 Mb
--- call GDXXRW.EXE tech-data.xls @import.txt

GDXXRW           30.3.0 rc5da09e Released Mar 06, 2020 WEI x86 64bit/MS Window
Input file : C:\Users\selmab\Desktop\Senaste GET-filerna\tech-data.xls
Output file: C:\Users\selmab\Desktop\Senaste GET-filerna\tech-data.gdx
Total time = 1141 Ms
--- .. indata.gms(66) 3 Mb
--- GDXin=C:\Users\selmab\Desktop\Senaste GET-filerna\tech-data.gdx
--- .. indata.gms(87) 3 Mb
--- call GDXXRW.EXE GISoutput.xlsx @importGIS.txt

GDXXRW           30.3.0 rc5da09e Released Mar 06, 2020 WEI x86 64bit/MS Window
Input file : C:\Users\selmab\Desktop\Senaste GET-filerna\GISoutput.xlsx
Output file: C:\Users\selmab\Desktop\Senaste GET-filerna\GISoutput.gdx
Total time = 1109 Ms
--- .. indata.gms(111) 3 Mb
--- GDXin=C:\Users\selmab\Desktop\Senaste GET-filerna\GISoutput.gdx
--- .. indata.gms(195) 4 Mb
--- . params.gms(595) 4 Mb
--- GET_7.gms(18) 4 Mb
--- . declare.gms(195) 4 Mb
--- GET_7.gms(403) 4 Mb
--- . c_mod.gms(134) 4 Mb
--- GET_7.gms(503) 4 Mb
--- . constraints.gms(141) 4 Mb
--- GET_7.gms(526) 4 Mb
--- . output1.gms(173) 4 Mb
--- GET_7.gms(527) 4 Mb
--- Starting execution: elapsed 0:00:03.626
--- GET_7.gms(1960) 184 Mb
--- Generating LP model GET_7
--- GET_7.gms(1961) 2553 Mb  7 secs
---   9,307,736 rows  8,754,625 columns  20,608,382 non-zeroes
--- Executing CPLEX: elapsed 0:00:24.640
--- GET_7.gms(1961) 2553 Mb  9 secs

IBM ILOG CPLEX   30.3.0 rc5da09e Released Mar 06, 2020 WEI x86 64bit/MS Window
--- GAMS/Cplex licensed for continuous and discrete problems.
Cplex 12.10.0.0

Reading parameter(s) from "C:\Users\selmab\Desktop\Senaste GET-filerna\cplex.opt"
>>  lpmethod 4
>>  threads 4
>>  solutiontype 2
>> 
>>  epopt 1e-9
>>  eprhs 1e-9
>>  scaind 1
>>  parallelmode -1
>>  EpMrk 0.9
>>  NumericalEmphasis 1
>>  *dpriind 4
>>  *ppriind 1
>> 
>>  aggind 10
>>  *aggind 10 caused unscaled infeasibilities at higher number of slices (previously)
>>  *aggfill 7
>>  *barcrossalg 2
>> 
>>  *advind 0
>> 
>>  *baralg 2
>>  *barcrossalg 2
>>  *memoryemphasis 1
>> 
>>  *feasopt 0
>>  *feasoptmode 1
>> 
>>  *equation.feaspref 0
>>  *variable.feaspref 0
>> 
>>  *capital_Q.feaspref 0
>>  *capital_lim_Q.feaspref 0
>>  *supply_1_Q.feaspref 0
>>  *supply_2_Q.feaspref 0
>> 
>>  *supply_loop_Q.feaspref 0
Finished reading from "C:\Users\selmab\Desktop\Senaste GET-filerna\cplex.opt"
Reading data...
Starting Cplex...
Space for names approximately 815.79 Mb
Use option 'names no' to turn use of names off
Version identifier: 12.10.0.0 | 2019-11-26 | 843d4de2ae
CPXPARAM_Advance                                 0
CPXPARAM_Preprocessing_Aggregator                10
CPXPARAM_Read_Scale                              1
CPXPARAM_LPMethod                                4
CPXPARAM_Threads                                 4
CPXPARAM_Emphasis_Numerical                      1
CPXPARAM_Parallel                                -1
CPXPARAM_SolutionType                            2
CPXPARAM_Barrier_Limits_Iteration                999999999
CPXPARAM_Simplex_Tolerances_Markowitz            0.90000000000000002
CPXPARAM_Simplex_Tolerances_Optimality           1.0000000000000001e-09
CPXPARAM_Simplex_Tolerances_Feasibility          1.0000000000000001e-09
CPXPARAM_TimeLimit                               999999999
CPXPARAM_Tune_TimeLimit                          199999999.80000001
Tried aggregator 8 times.
Aggregator has done 77261 substitutions...
LP Presolve eliminated 8287468 rows and 8211689 columns.
Aggregator did 77261 substitutions.
Reduced LP has 943007 rows, 466902 columns, and 3061717 nonzeros.
Presolve time = 23.34 sec. (11712.71 ticks)
Parallel mode: using up to 4 threads for barrier.

***NOTE: Found 444 dense columns.

Number of nonzeros in lower triangle of A*A' = 22560702
Using Nested Dissection ordering
Total time for automatic ordering = 7.72 sec. (9452.60 ticks)
Summary statistics for Cholesky factor:
  Threads                   = 4
  Rows in Factor            = 943451
  Integer space required    = 5042246
  Total non-zeros in factor = 75459531
  Total FP ops to factor    = 10966643187
 Itn      Primal Obj        Dual Obj  Prim Inf Upper Inf  Dual Inf Inf Ratio
   0   5.8129275e+10  -5.9440716e+10  2.17e+07  3.91e+05  1.29e+11  1.00e+00
   1   5.6744228e+10  -5.5465862e+10  2.12e+07  3.82e+05  1.20e+11  1.54e-05
   2   5.0930646e+10  -4.9822050e+10  1.92e+07  3.47e+05  1.06e+11  6.80e-06
   3   4.2163642e+10  -4.3564565e+10  1.63e+07  2.93e+05  9.10e+10  4.49e-06
   4   3.5191333e+10  -3.7538110e+10  1.39e+07  2.51e+05  7.64e+10  3.74e-06
   5   2.8203352e+10  -3.3261813e+10  1.15e+07  2.07e+05  6.63e+10  3.60e-06
   6   2.0458394e+10  -2.6726121e+10  8.75e+06  1.58e+05  5.14e+10  3.70e-06
   7   1.4670477e+10  -1.8459623e+10  6.61e+06  1.19e+05  3.33e+10  4.37e-06
   8   8.7319069e+09  -1.2685020e+10  4.29e+06  7.73e+04  2.15e+10  6.03e-06
   9   7.8026318e+09  -1.0276318e+10  3.89e+06  7.01e+04  1.70e+10  6.98e-06
  10   6.0748942e+09  -8.6590494e+09  3.13e+06  5.64e+04  1.40e+10  8.46e-06
  11   3.9264239e+09  -5.3698641e+09  2.15e+06  3.87e+04  8.17e+09  1.31e-05
  12   2.3960693e+09  -3.3527761e+09  1.39e+06  2.50e+04  4.85e+09  2.09e-05
  13   1.6405033e+09  -2.7864905e+09  9.82e+05  1.77e+04  3.98e+09  2.72e-05
  14   1.3726314e+09  -2.3988537e+09  8.30e+05  1.49e+04  3.41e+09  3.17e-05
  15   1.1379958e+09  -2.0525850e+09  6.95e+05  1.25e+04  2.90e+09  3.72e-05
  16   9.7067471e+08  -1.7960251e+09  5.98e+05  1.08e+04  2.53e+09  4.28e-05
  17   7.1107145e+08  -1.5485712e+09  4.47e+05  8.05e+03  2.17e+09  5.26e-05
  18   5.7442265e+08  -1.3468349e+09  3.65e+05  6.58e+03  1.88e+09  6.20e-05
  19   4.4316417e+08  -1.1704120e+09  2.86e+05  5.16e+03  1.63e+09  7.45e-05
  20   3.7061529e+08  -1.0096375e+09  2.43e+05  4.38e+03  1.40e+09  8.79e-05
  21   3.0223789e+08  -8.7313976e+08  2.00e+05  3.61e+03  1.20e+09  1.04e-04
  22   2.0736897e+08  -7.6811955e+08  1.42e+05  2.55e+03  1.06e+09  1.28e-04
  23   1.2399010e+08  -6.3309537e+08  8.79e+04  1.58e+03  8.67e+08  1.72e-04
  24   1.1608701e+08  -5.9941625e+08  8.25e+04  1.49e+03  8.20e+08  1.83e-04
  25   8.6785144e+07  -4.6070479e+08  6.25e+04  1.13e+03  6.29e+08  2.43e-04
  26   6.8575847e+07  -4.1447552e+08  4.99e+04  8.99e+02  5.65e+08  2.80e-04
  27   4.9499147e+07  -3.1273398e+08  3.65e+04  6.57e+02  4.26e+08  3.85e-04
  28   4.0755643e+07  -2.8938018e+08  3.02e+04  5.44e+02  3.94e+08  4.29e-04
  29   3.2016865e+07  -2.4982007e+08  2.39e+04  4.30e+02  3.40e+08  5.13e-04
  30   2.6539322e+07  -1.8857744e+08  1.98e+04  3.56e+02  2.57e+08  7.01e-04
  31   2.3170136e+07  -1.7776882e+08  1.73e+04  3.11e+02  2.42e+08  7.58e-04
  32   1.9356922e+07  -1.5902090e+08  1.44e+04  2.59e+02  2.16e+08  8.69e-04
  33   1.7598675e+07  -1.3253002e+08  1.30e+04  2.35e+02  1.81e+08  1.07e-03
  34   1.4763669e+07  -1.1143750e+08  1.09e+04  1.96e+02  1.52e+08  1.31e-03
  35   1.2454462e+07  -1.0050312e+08  9.08e+03  1.64e+02  1.37e+08  1.49e-03
  36   9.4175570e+06  -7.5471267e+07  6.70e+03  1.21e+02  1.03e+08  2.10e-03
  37   7.9916084e+06  -6.0456112e+07  5.57e+03  1.00e+02  8.29e+07  2.73e-03
  38   6.9627864e+06  -5.5589374e+07  4.76e+03  8.57e+01  7.64e+07  3.04e-03
  39   5.8492361e+06  -4.6018679e+07  3.86e+03  6.96e+01  6.35e+07  3.81e-03
  40   5.4528653e+06  -4.1120354e+07  3.54e+03  6.38e+01  5.69e+07  4.34e-03
  41   5.1442235e+06  -3.6301376e+07  3.30e+03  5.94e+01  5.04e+07  5.01e-03
  42   4.7242252e+06  -3.0940694e+07  2.97e+03  5.34e+01  4.31e+07  6.02e-03
  43   4.4258695e+06  -2.8909324e+07  2.73e+03  4.92e+01  4.04e+07  6.52e-03
  44   4.2126570e+06  -2.7800825e+07  2.56e+03  4.61e+01  3.89e+07  6.82e-03
  45   4.1935872e+06  -2.7501554e+07  2.54e+03  4.58e+01  3.85e+07  6.90e-03
  46   4.1851208e+06  -2.7445684e+07  2.53e+03  4.56e+01  3.84e+07  6.91e-03
  47   4.1694320e+06  -2.6672411e+07  2.52e+03  4.53e+01  3.74e+07  7.12e-03
  48   4.1842950e+06  -2.6642810e+07  2.51e+03  4.53e+01  3.74e+07  7.08e-03
  49   4.2403294e+06  -2.6662018e+07  2.52e+03  4.54e+01  3.74e+07  6.93e-03
  50   4.5760336e+06  -2.7254569e+07  2.62e+03  4.72e+01  3.84e+07  6.18e-03
  51   4.5823909e+06  -2.7267132e+07  2.62e+03  4.72e+01  3.85e+07  6.17e-03
  52   4.6496013e+06  -2.7461033e+07  2.64e+03  4.76e+01  3.88e+07  6.04e-03
  53   4.9300572e+06  -2.8006519e+07  2.73e+03  4.91e+01  3.97e+07  5.55e-03
  54   6.0091963e+06  -3.0486892e+07  3.02e+03  5.44e+01  4.40e+07  4.23e-03
  55   7.0941667e+06  -3.2368769e+07  3.19e+03  5.74e+01  4.89e+07  3.61e-03
  56   9.0760550e+06  -3.1186523e+07  3.23e+03  5.83e+01  4.95e+07  2.64e-03
  57   9.8334637e+06  -3.0471399e+07  3.21e+03  5.78e+01  4.92e+07  2.36e-03
  58   1.2231617e+07  -2.4151233e+07  3.11e+03  5.61e+01  4.67e+07  1.95e-03
  59   1.3138199e+07  -2.3231105e+07  3.07e+03  5.53e+01  4.62e+07  1.76e-03
  60   1.5888709e+07  -1.3549222e+07  2.94e+03  5.30e+01  4.19e+07  1.49e-03
  61   2.3846585e+07  -2.8404743e+06  2.70e+03  4.86e+01  3.84e+07  9.09e-04
  62   3.7472884e+07   2.1088147e+07  2.54e+03  4.57e+01  3.48e+07  5.54e-04
  63   5.1508606e+07   3.9574815e+07  2.48e+03  4.46e+01  3.37e+07  3.90e-04
  64   7.1711855e+07   5.8207286e+07  2.42e+03  4.36e+01  3.30e+07  2.69e-04
  65   9.6539855e+07   8.3424271e+07  2.38e+03  4.29e+01  3.24e+07  1.95e-04
  66   1.5259143e+08   3.3589544e+08  2.34e+03  4.21e+01  2.96e+07  1.20e-04
  67   2.3144821e+08   4.5818560e+08  2.31e+03  4.16e+01  2.91e+07  7.57e-05
  68   3.5858869e+08   6.1853466e+08  2.29e+03  4.12e+01  2.88e+07  4.71e-05
  69   7.0836112e+08   8.1151881e+08  2.25e+03  4.05e+01  2.85e+07  2.49e-05
  70   1.0152729e+09   2.5724891e+09  2.24e+03  4.03e+01  2.74e+07  1.60e-05
  71   1.5777487e+09   3.4432983e+09  2.23e+03  4.01e+01  2.72e+07  9.87e-06
  72   2.4590910e+09   4.6260908e+09  2.21e+03  3.99e+01  2.70e+07  6.11e-06
  73   4.2468671e+09   6.7091490e+09  2.20e+03  3.97e+01  2.69e+07  3.52e-06
  74   7.4498199e+09   1.9401547e+10  2.19e+03  3.95e+01  2.63e+07  1.81e-06
  75   1.1122222e+10   2.4378249e+10  2.19e+03  3.94e+01  2.62e+07  1.21e-06
  76   1.6967552e+10   3.2892300e+10  2.18e+03  3.93e+01  2.61e+07  7.73e-07
  77   2.7022311e+10   4.4199771e+10  2.18e+03  3.92e+01  2.61e+07  4.92e-07
  78   4.7173548e+10   5.9889673e+10  2.17e+03  3.91e+01  2.60e+07  2.95e-07
  79   6.5962363e+10   1.2835838e+11  2.17e+03  3.90e+01  2.59e+07  1.96e-07
  80   6.7619594e+10   1.5224682e+11  2.17e+03  3.90e+01  2.58e+07  1.75e-07
  81   1.2408067e+11   2.6388822e+11  2.17e+03  3.89e+01  2.57e+07  9.28e-08
  82   2.1030051e+11   3.8805385e+11  2.17e+03  3.89e+01  2.57e+07  5.51e-08
  83   4.5826086e+11   5.4899463e+11  2.19e+03  3.88e+01  2.56e+07  2.81e-08
  84   6.2642961e+11   6.4561803e+11  2.20e+03  3.87e+01  2.56e+07  2.13e-08
  85   8.1860739e+11   8.2139743e+11  2.21e+03  3.87e+01  2.56e+07  1.63e-08
  86   1.1514293e+12   1.0618749e+12  2.23e+03  3.87e+01  2.56e+07  1.17e-08
  87   1.5515603e+12   1.3838753e+12  2.27e+03  3.86e+01  2.56e+07  8.72e-09
  88   2.2195110e+12   2.1029432e+12  2.32e+03  3.86e+01  2.55e+07  6.08e-09
  89   3.6960247e+12   7.7866511e+12  2.52e+03  3.86e+01  2.54e+07  3.54e-09
  90   6.0053793e+12   1.0258938e+13  2.75e+03  3.85e+01  2.54e+07  2.18e-09
  91   9.5205820e+12   1.4098716e+13  2.90e+03  3.85e+01  2.54e+07  1.37e-09
  92   1.5666708e+13   1.9250809e+13  3.18e+03  3.85e+01  2.55e+07  8.45e-10
  93   2.4396790e+13   2.5795693e+13  3.23e+03  3.85e+01  2.55e+07  5.50e-10
  94   3.5992778e+13   7.6354349e+13  3.32e+03  3.85e+01  2.58e+07  3.53e-10
  95   6.1516565e+13   1.0758086e+14  3.41e+03  3.85e+01  2.60e+07  2.05e-10
  96   9.9364148e+13   1.4397075e+14  3.56e+03  3.85e+01  2.61e+07  1.28e-10
  97   1.7158579e+14   2.0447833e+14  3.77e+03  3.85e+01  2.65e+07  7.59e-11
  98   3.1490546e+14   6.3896669e+14  3.95e+03  3.84e+01  3.28e+07  3.92e-11
  99   4.8138555e+14   1.3683662e+15  4.04e+03  3.84e+01  5.18e+07  2.23e-11
 100   8.2968600e+14   2.6605864e+15  4.14e+03  3.84e+01  7.94e+07  1.12e-11
  *    7.0836112e+08   8.1151881e+08  2.25e+03  4.05e+01  2.85e+07  2.49e-05
Barrier time = 140.33 sec. (185030.29 ticks)

Total time on 4 threads = 140.33 sec. (185030.29 ticks)
LP status(6): non-optimal
Cplex Time: 140.36sec (det. 185056.92 ticks)

Solution available but not proven optimal due to numerical difficulties.
--- Restarting execution
--- GET_7.gms(1961) 725 Mb
--- Reading solution for model GET_7
***
*** Reading with solveopt=REPLACE (0)
***
--- GET_7.gms(1961) 1470 Mb
--- Executing after solve: elapsed 0:03:09.491
--- GET_7.gms(2126) 1471 Mb
--- GDX File C:\Users\selmab\Desktop\Senaste GET-filerna\results.gdx
--- GET_7.gms(2133) 1471 Mb
**** could not open file: output_parameters.txt
Version information:
GDXXRW           30.3.0 rc5da09e Released Mar 06, 2020 WEI x86 64bit/MS Window

Example call:
   GDXXRW data.xls Par=X Rng=sheet2!b2 Dim=2
Reading or Writing a spreadsheet:
   GAMS type
      Par=<id>                 : parameter
      Set=<id>                 : set
      Set=<id> Values=<VType>  : set with data option
                                 reading from Excel    writing to Excel
                                 <VType> = NoData      = NoData
                                         = YN          = YN
                                         = Sparse      = String
                                         = Dense                                          
      DSet=<id>                : domain-set, dim=1, duplicates allowed
      Var=<id>                 : variable
      Equ=<id>                 : equation
   Dimensions:
      Dim=<integer>            : dimension
      CDim=<integer>           : number of rows for the column
      RDim=<integer>           : number of columns for the row
   Range:
      Rng=<excel-range>        : Sheet is optional
                               : Top left corner or a block
      IgnoreRows=n,m:n         : One or more rows to be ignored when reading the symbol
      IgnoreColumns=A,A:B      : One or more columns to be ignored when reading the symbol
   Implied merged cells:
      ColMerge=<integer>       : Number of columns that propagate cells in a row header
   Directives:
      @<filename>              : read parameters from file
      Index=<excel-range>      : read parameters from spreadsheet
   Empty Rows or Columns:
      SkipEmpty=<integer>      : Also SE=<integer>
                                 0 Empty row/column is end of data
                                 n N empty rows/columns will be ignored
   Use merged cell values:
      CMerge=<integer>         : 0 Do not use merged cell value
                                 1 In row and column headers only
                                 2 All cells
   Process acronyms:
      Acronyms=<integer>       : 0 Do not process acronyms
                                 1 Process acronyms
   Create Excel filter(s):
      Filter=<integer>         : 0 Do not create filter (default)
                                 >0 Create filter for symbols that follow

Immediate Options:
   Files:
      Input=<filename>         : input file
      Output=<filename>        : output file
      Log=<filename>           : log file
      LogAppend=<filename>     : Append to log file
      PassWord=<password>      : Specify password for Excel file
   Debugging:
      Trace=<integer>
   Excel:
      UpdLinks=<integer>       : 0 Do not update any references
                                 1 External references=Y, remote references=N
                                 2 External references=N, remote references=Y
                                 3 Updates both remote and external references
      RunMacros=<integer>      : 0 Do not execute any macros
                                 1 Executes Auto_open macro
                                 2 Executes Auto_close macro
                                 3 Executes Auto_open and Auto_close macro
      RWait=<integer>          : Introduce a delay (in ms) after opening file
      CheckDate                : Write result file only if the input file is
                                 more recent than the output file
      UseRC                    : Use R1C1 notation for cells and ranges
Reading from a spreadsheet:
      Squeeze=flag             : Also SQ; default=Y
                                 N Store default values
                                 Y Default values are not stored
      AllUELs=flag             : default=Y
                                 N UELS not used for data are not stored
                                 Y All UELs of the range are stored
      MaxDupeErrors=<integer>  : Number of allowed duplicate data entries
      NaIn=<string>            : Specify additional string to recognize NA
Writing to a spreadsheet:
   Data merging:
      Merge                    : Write matching rows/labels only
      Clear                    : Like Merge, but clear data before writing
      ReCalc=flag              : 0 No automatic recalculation for every write
                               : 1 Do not change recalculation
   Text=<string>               : Write text string in a cell; specify Rng for location
   HText=<string>              : Write text strings in a row; specify Rng for location
   VText=<string>              : Write text strings in a column; specify Rng for location
   TextId=<string>             : Write identifier and explanatory text;
                                 specify Rng for location
      Link=<string>            : Hyperlink
      LinkId=<id>              : Hyperlink to symbol written
   Output Strings:
      ResetOut
      EpsOut=<string>
      NaOut=<string>
      MInfOut=<string>
      PInfOut=<string>
      UndfOut=<string>
      ZeroOut=<string>
   Default Values:
      Squeeze=flag             : Also SQ; default=Y
                                 N Do not write default values
                                 Y Write default values
   IntAsText=flag              : Write UELs as text when an integer; default=Y
*** Status: Normal completion
--- Job GET_7.gms Stop 02/10/21 20:37:34 elapsed 0:03:10.312
